[30-06-25T13:32:11.080Z] INFO: Database initialized
[30-06-25T13:32:29.003Z] INFO: Database initialized
[30-06-25T13:32:34.887Z] INFO: Database initialized
[30-06-25T13:32:48.176Z] INFO: Starting migration...
[30-06-25T13:32:48.177Z] INFO: Database initialized
[30-06-25T13:32:48.177Z] DEBUG: [SQL] CREATE TABLE IF NOT EXISTS user (id INTEGER PRIMARY KEY AUTOINCREMENT); 
[30-06-25T13:32:48.187Z] INFO: Migration completed.
[30-06-25T13:48:03.454Z] INFO: Starting migration...
[30-06-25T13:48:03.456Z] DEBUG: [SQL] CREATE TABLE IF NOT EXISTS user (id INTEGER PRIMARY KEY AUTOINCREMENT, name VARCHAR(255)); 
[30-06-25T13:48:03.465Z] INFO: Migration completed.
[30-06-25T13:52:25.041Z] INFO: Starting migration...
[30-06-25T13:52:25.042Z] DEBUG: [SQL] CREATE TABLE IF NOT EXISTS user (id INTEGER PRIMARY KEY AUTOINCREMENT, name VARCHAR(255)); 
[30-06-25T13:52:25.052Z] INFO: Migration completed.
[30-06-25T13:55:30.818Z] DEBUG: [SQL] INSERT INTO user (name) VALUES (?) ["John doe"]
[30-06-25T13:55:30.819Z] DEBUG: [SQL] SELECT * FROM user 
[30-06-25T13:55:39.600Z] DEBUG: [SQL] INSERT INTO user (name) VALUES (?) ["John doe"]
[30-06-25T13:55:39.601Z] DEBUG: [SQL] SELECT * FROM user 
[30-06-25T13:55:39.811Z] DEBUG: [SQL] INSERT INTO user (name) VALUES (?) ["John doe"]
[30-06-25T13:55:39.812Z] DEBUG: [SQL] SELECT * FROM user 
[30-06-25T13:55:40.024Z] DEBUG: [SQL] INSERT INTO user (name) VALUES (?) ["John doe"]
[30-06-25T13:55:40.025Z] DEBUG: [SQL] SELECT * FROM user 
[30-06-25T13:55:40.381Z] DEBUG: [SQL] INSERT INTO user (name) VALUES (?) ["John doe"]
[30-06-25T13:55:40.382Z] DEBUG: [SQL] SELECT * FROM user 
[30-06-25T13:55:55.290Z] DEBUG: [SQL] INSERT INTO user (name) VALUES (?) ["John doe"]
[30-06-25T13:55:55.291Z] DEBUG: [SQL] SELECT * FROM user 
[30-06-25T13:56:05.013Z] DEBUG: [SQL] ALTER TABLE user RENAME TO users 
[30-06-25T13:56:05.023Z] INFO: Renamed table "user" to "users"
[30-06-25T13:56:29.206Z] DEBUG: [SQL] INSERT INTO users (name) VALUES (?) ["Jane doe"]
[30-06-25T13:56:29.207Z] DEBUG: [SQL] SELECT * FROM users 
[30-06-25T13:56:47.077Z] DEBUG: [SQL] DROP TABLE IF EXISTS users 
[30-06-25T13:56:47.087Z] INFO: Dropped table "users"
[30-06-25T13:56:49.261Z] DEBUG: [SQL] INSERT INTO users (name) VALUES (?) ["Jane doe"]
[30-06-25T13:56:49.261Z] DEBUG: [SQL] SELECT * FROM users 
[30-06-25T13:56:49.262Z] ERROR: Insert failed: Error: SQLITE_ERROR: no such table: users
[30-06-25T13:56:49.262Z] ERROR: findAll failed: Error: SQLITE_ERROR: no such table: users
